2024-12-14 17:16:39.485: [INFO][Sync] Reset engine, reason: 8
2024-12-14 17:16:39.485: [INFO][Sync] Stopped: Bookmarks
2024-12-14 17:16:39.485: [INFO][Sync] Stopped: Preferences
2024-12-14 17:16:39.485: [INFO][Sync] Stopped: Passwords
2024-12-14 17:16:39.485: [INFO][Sync] Stopped: Autofill Profiles
2024-12-14 17:16:39.485: [INFO][Sync] Stopped: Autofill
2024-12-14 17:16:39.485: [INFO][Sync] Stopped: Typed URLs
2024-12-14 17:16:39.485: [INFO][Sync] Stopped: Extensions
2024-12-14 17:16:39.485: [INFO][Sync] Stopped: Sessions
2024-12-14 17:16:39.485: [INFO][Sync] Stopped: Extension settings
2024-12-14 17:16:39.485: [INFO][Sync] Stopped: History Delete Directives
2024-12-14 17:16:39.485: [INFO][Sync] Stopped: Device Info
2024-12-14 17:16:39.485: [INFO][Sync] Stopped: User Consents
2024-12-14 17:16:39.485: [INFO][Sync] Stopped: Send Tab To Self
2024-12-14 17:16:39.485: [INFO][Sync] Stopped: Web Apps
2024-12-14 17:16:39.485: [INFO][Sync] Stopped: History
2024-12-14 17:16:39.486: [INFO][Sync] Stopped: Collection
2024-12-14 17:16:39.486: [INFO][Sync] Stopped: Edge E Drop
2024-12-14 17:16:39.486: [INFO][Sync] Stopped: Edge Hub App Usage
2024-12-14 17:16:39.486: [INFO][Sync] Stopped: Edge Tab Group
2024-12-14 17:16:39.486: [INFO][Sync] Stopped: Edge Wallet
2024-12-14 17:16:39.486: [INFO][Sync] SyncState after authenticated was: NotSignedIn
2024-12-14 17:16:39.826: [INFO][Sync] Reset engine, reason: 8
2024-12-14 17:16:39.826: [INFO][Sync] Stopped: Bookmarks
2024-12-14 17:16:39.826: [INFO][Sync] Stopped: Preferences
2024-12-14 17:16:39.826: [INFO][Sync] Stopped: Passwords
2024-12-14 17:16:39.826: [INFO][Sync] Stopped: Autofill Profiles
2024-12-14 17:16:39.826: [INFO][Sync] Stopped: Autofill
2024-12-14 17:16:39.826: [INFO][Sync] Stopped: Typed URLs
2024-12-14 17:16:39.826: [INFO][Sync] Stopped: Extensions
2024-12-14 17:16:39.826: [INFO][Sync] Stopped: Sessions
2024-12-14 17:16:39.826: [INFO][Sync] Stopped: Extension settings
2024-12-14 17:16:39.826: [INFO][Sync] Stopped: History Delete Directives
2024-12-14 17:16:39.826: [INFO][Sync] Stopped: Device Info
2024-12-14 17:16:39.826: [INFO][Sync] Stopped: User Consents
2024-12-14 17:16:39.826: [INFO][Sync] Stopped: Send Tab To Self
2024-12-14 17:16:39.826: [INFO][Sync] Stopped: Web Apps
2024-12-14 17:16:39.826: [INFO][Sync] Stopped: History
2024-12-14 17:16:39.826: [INFO][Sync] Stopped: Collection
2024-12-14 17:16:39.826: [INFO][Sync] Stopped: Edge E Drop
2024-12-14 17:16:39.826: [INFO][Sync] Stopped: Edge Hub App Usage
2024-12-14 17:16:39.826: [INFO][Sync] Stopped: Edge Tab Group
2024-12-14 17:16:39.826: [INFO][Sync] Stopped: Edge Wallet
2024-12-14 17:17:01.020: [INFO][Sync] Try to start sync engine
2024-12-14 17:17:01.021: [INFO][SyncManagerImpl::NudgeForInitialDownload] Initial download nudge for Encryption Keys
2024-12-14 17:17:01.021: [INFO][SyncEngineBackend::LoadAndConnectNigoriController] Load and connect Nigori controller
2024-12-14 17:17:01.021: [INFO][SyncEngineBackend::DoInitialize] Control Types added: Encryption Keys
2024-12-14 17:17:01.021: [INFO][SyncManagerImpl::ConfigureSyncer] Types to download: Encryption Keys with reason: 3
2024-12-14 17:17:01.021: [INFO][SyncSchedulerImpl::DoConfigurationSyncCycleJob] Configure job was blocked
2024-12-14 17:17:01.101: [INFO][SyncAuthManager::SetLastAuthError] Current auth error: None
2024-12-14 17:17:01.101: [INFO][SyncAuthManager::EdgeLogTokenErrorState] Token error with: None for account type: MSA
2024-12-14 17:17:01.101: [INFO][Sync] Credentials changed for: EdgeSyncScopeNew
2024-12-14 17:17:09.366: [INFO][SyncAuthManager::SetLastAuthError] Current auth error: None
2024-12-14 17:17:09.366: [INFO][SyncAuthManager::EdgeLogTokenErrorState] Token error with: None for account type: MSA
2024-12-14 17:17:09.366: [INFO][Sync] Credentials changed for: EdgeSyncKeyDataScope
2024-12-14 17:17:09.366: [INFO][SyncEngineBackend::DoUpdateKeyDataCredentials] Update key data credentials
2024-12-14 17:17:09.366: [INFO][SyncEngineBackend::DoUpdateCredentials] Update credentials
2024-12-14 17:17:09.366: [INFO][SyncSchedulerImpl::DoConfigurationSyncCycleJob] Blocked types:  and types to download: Encryption Keys
2024-12-14 17:17:11.339: [INFO][Sync] Started DataTypeManager configuration, reason: 4
2024-12-14 17:17:11.339: [INFO][Sync] Configuring for: Bookmarks, Preferences, Passwords, Autofill Profiles, Autofill, Typed URLs, Extensions, Sessions, Extension settings, History Delete Directives, Device Info, User Consents, Send Tab To Self, Web Apps, Collection, Edge E Drop, Edge Hub App Usage, Edge Tab Group, Edge Wallet, Encryption Keys, reason: 3, current state: 0
2024-12-14 17:17:11.341: [INFO][Sync] Configure, desired: Bookmarks, Preferences, Typed URLs, Extensions, Sessions, Extension settings, History Delete Directives, Device Info, User Consents, Send Tab To Self, Web Apps, Collection, Edge E Drop, Edge Hub App Usage, Edge Tab Group, Edge Wallet, Encryption Keys; Allow fail: Passwords, Autofill Profiles, Autofill
2024-12-14 17:17:11.341: [INFO][Sync] Loading: Bookmarks
2024-12-14 17:17:11.341: [INFO][Sync] Loading: Preferences
2024-12-14 17:17:11.341: [INFO][Sync] Loading: Typed URLs
2024-12-14 17:17:11.341: [INFO][Sync] Loading: Extensions
2024-12-14 17:17:11.341: [INFO][Sync] Loading: Sessions
2024-12-14 17:17:11.341: [INFO][Sync] Loading: Extension settings
2024-12-14 17:17:11.341: [INFO][Sync] Loading: History Delete Directives
2024-12-14 17:17:11.341: [INFO][Sync] Loading: Device Info
2024-12-14 17:17:11.341: [INFO][Sync] Loading: User Consents
2024-12-14 17:17:11.341: [INFO][Sync] Loading: Send Tab To Self
2024-12-14 17:17:11.341: [INFO][Sync] Loading: Web Apps
2024-12-14 17:17:11.341: [INFO][Sync] Loading: Collection
2024-12-14 17:17:11.341: [INFO][Sync] Loading: Edge E Drop
2024-12-14 17:17:11.341: [INFO][Sync] Loading: Edge Hub App Usage
2024-12-14 17:17:11.342: [INFO][Sync] Loading: Edge Tab Group
2024-12-14 17:17:11.342: [INFO][Sync] Loading: Edge Wallet
2024-12-14 17:17:11.346: [INFO][Sync] All data types are ready for configure.
2024-12-14 17:17:12.360: [INFO][SyncEngineBackend::DoStartConfiguration] Start configuration
2024-12-14 17:17:12.360: [INFO][SyncManagerImpl::NudgeForInitialDownload] Initial download nudge for Bookmarks
2024-12-14 17:17:12.360: [INFO][SyncManagerImpl::NudgeForInitialDownload] Initial download nudge for Preferences
2024-12-14 17:17:12.360: [INFO][SyncManagerImpl::NudgeForInitialDownload] Initial download nudge for Typed URLs
2024-12-14 17:17:12.360: [INFO][SyncManagerImpl::NudgeForInitialDownload] Initial download nudge for Extensions
2024-12-14 17:17:12.360: [INFO][SyncManagerImpl::NudgeForInitialDownload] Initial download nudge for Sessions
2024-12-14 17:17:12.360: [INFO][SyncManagerImpl::NudgeForInitialDownload] Initial download nudge for Extension settings
2024-12-14 17:17:12.360: [INFO][SyncManagerImpl::NudgeForInitialDownload] Initial download nudge for History Delete Directives
2024-12-14 17:17:12.360: [INFO][SyncManagerImpl::NudgeForInitialDownload] Initial download nudge for Device Info
2024-12-14 17:17:12.360: [INFO][SyncManagerImpl::NudgeForInitialDownload] Initial download nudge for Send Tab To Self
2024-12-14 17:17:12.360: [INFO][SyncManagerImpl::NudgeForInitialDownload] Initial download nudge for Web Apps
2024-12-14 17:17:12.360: [INFO][SyncManagerImpl::NudgeForInitialDownload] Initial download nudge for Collection
2024-12-14 17:17:12.360: [INFO][SyncManagerImpl::NudgeForInitialDownload] Initial download nudge for Edge E Drop
2024-12-14 17:17:12.360: [INFO][SyncManagerImpl::NudgeForInitialDownload] Initial download nudge for Edge Hub App Usage
2024-12-14 17:17:12.360: [INFO][SyncManagerImpl::NudgeForInitialDownload] Initial download nudge for Edge Tab Group
2024-12-14 17:17:12.360: [INFO][SyncManagerImpl::NudgeForInitialDownload] Initial download nudge for Edge Wallet
2024-12-14 17:17:12.361: [INFO][SyncManagerImpl::ConfigureSyncer] Types to download:  with reason: 3
2024-12-14 17:17:12.361: [INFO][SyncEngineBackend::DoFinishConfigureDataTypes] Failed to download types:  and succeeded types: 
2024-12-14 17:17:12.361: [INFO][Sync] Started DataTypeManager configuration, reason: 5
2024-12-14 17:17:12.361: [INFO][Sync] Configuring for: Bookmarks, Preferences, Passwords, Autofill Profiles, Autofill, Typed URLs, Extensions, Sessions, Extension settings, History Delete Directives, Device Info, User Consents, Send Tab To Self, Web Apps, Collection, Edge E Drop, Edge Hub App Usage, Edge Tab Group, Edge Wallet, Encryption Keys, reason: 5, current state: 1
2024-12-14 17:17:12.363: [INFO][Sync] ConfigurationDone, failed: , succeeded: , remaining count: 3
2024-12-14 17:17:12.363: [WARN][Sync]     Reconfigure requested while configuration ongoing.
2024-12-14 17:17:12.363: [INFO][Sync] Configuring for: Bookmarks, Preferences, Passwords, Autofill Profiles, Autofill, Typed URLs, Extensions, Sessions, Extension settings, History Delete Directives, Device Info, User Consents, Send Tab To Self, Web Apps, Collection, Edge E Drop, Edge Hub App Usage, Edge Tab Group, Edge Wallet, Encryption Keys, reason: 5, current state: 2
2024-12-14 17:17:12.363: [INFO][Sync] Configure, desired: Bookmarks, Preferences, Passwords, Autofill Profiles, Autofill, Typed URLs, Extensions, Sessions, Extension settings, History Delete Directives, Device Info, User Consents, Send Tab To Self, Web Apps, Collection, Edge E Drop, Edge Hub App Usage, Edge Tab Group, Edge Wallet, Encryption Keys; Allow fail: 
2024-12-14 17:17:12.363: [INFO][Sync] Loading: Passwords
2024-12-14 17:17:12.363: [INFO][Sync] Loading: Autofill Profiles
2024-12-14 17:17:12.363: [INFO][Sync] Loading: Autofill
2024-12-14 17:17:12.364: [INFO][Sync] All data types are ready for configure.
2024-12-14 17:17:12.364: [INFO][SyncManagerImpl::NudgeForInitialDownload] Initial download nudge for Passwords
2024-12-14 17:17:12.364: [INFO][SyncManagerImpl::NudgeForInitialDownload] Initial download nudge for Autofill Profiles
2024-12-14 17:17:12.364: [INFO][SyncManagerImpl::NudgeForInitialDownload] Initial download nudge for Autofill
2024-12-14 17:17:12.364: [INFO][SyncManagerImpl::ConfigureSyncer] Types to download:  with reason: 5
2024-12-14 17:17:12.364: [INFO][SyncEngineBackend::DoFinishConfigureDataTypes] Failed to download types:  and succeeded types: 
2024-12-14 17:17:12.364: [INFO][Sync] ConfigurationDone, failed: , succeeded: , remaining count: 3
2024-12-14 17:17:12.364: [INFO][Sync] Prepare to configure types: Preferences, Passwords, Device Info, Send Tab To Self, Edge E Drop, Encryption Keys
2024-12-14 17:17:12.364: [INFO][SyncManagerImpl::ConfigureSyncer] Types to download: Preferences, Passwords, Device Info, Send Tab To Self, Edge E Drop, Encryption Keys with reason: 5
2024-12-14 17:17:12.364: [INFO][SyncSchedulerImpl::DoConfigurationSyncCycleJob] Blocked types:  and types to download: Preferences, Passwords, Device Info, Send Tab To Self, Edge E Drop, Encryption Keys
2024-12-14 17:17:13.605: [INFO][SyncEngineBackend::DoFinishConfigureDataTypes] Failed to download types:  and succeeded types: Preferences, Passwords, Device Info, Send Tab To Self, Edge E Drop, Encryption Keys
2024-12-14 17:17:13.607: [INFO][Sync] ConfigurationDone, failed: , succeeded: Preferences, Passwords, Device Info, Send Tab To Self, Edge E Drop, Encryption Keys, remaining count: 2
2024-12-14 17:17:13.607: [INFO][Sync] Prepare to configure types: Bookmarks, Encryption Keys
2024-12-14 17:17:13.607: [INFO][SyncManagerImpl::ConfigureSyncer] Types to download: Bookmarks, Encryption Keys with reason: 5
2024-12-14 17:17:13.607: [INFO][SyncSchedulerImpl::DoConfigurationSyncCycleJob] Blocked types:  and types to download: Bookmarks, Encryption Keys
2024-12-14 17:17:14.112: [INFO][SyncEngineBackend::DoFinishConfigureDataTypes] Failed to download types:  and succeeded types: Bookmarks, Encryption Keys
2024-12-14 17:17:14.114: [INFO][Sync] ConfigurationDone, failed: , succeeded: Bookmarks, Encryption Keys, remaining count: 1
2024-12-14 17:17:14.115: [INFO][Sync] Prepare to configure types: Autofill Profiles, Autofill, Typed URLs, Extensions, Sessions, Extension settings, History Delete Directives, Web Apps, Collection, Edge Hub App Usage, Edge Tab Group, Edge Wallet, Encryption Keys
2024-12-14 17:17:14.115: [INFO][SyncManagerImpl::ConfigureSyncer] Types to download: Autofill Profiles, Autofill, Typed URLs, Extensions, Sessions, Extension settings, History Delete Directives, Web Apps, Collection, Edge Hub App Usage, Edge Tab Group, Edge Wallet, Encryption Keys with reason: 5
2024-12-14 17:17:14.115: [INFO][SyncSchedulerImpl::DoConfigurationSyncCycleJob] Blocked types:  and types to download: Autofill Profiles, Autofill, Typed URLs, Extensions, Sessions, Extension settings, History Delete Directives, Web Apps, Collection, Edge Hub App Usage, Edge Tab Group, Edge Wallet, Encryption Keys
2024-12-14 17:17:17.586: [INFO][SyncEngineBackend::DoFinishConfigureDataTypes] Failed to download types:  and succeeded types: Autofill Profiles, Autofill, Typed URLs, Extensions, Sessions, Extension settings, History Delete Directives, Web Apps, Collection, Edge Hub App Usage, Edge Tab Group, Edge Wallet, Encryption Keys
2024-12-14 17:17:17.588: [INFO][Sync] ConfigurationDone, failed: , succeeded: Autofill Profiles, Autofill, Typed URLs, Extensions, Sessions, Extension settings, History Delete Directives, Web Apps, Collection, Edge Hub App Usage, Edge Tab Group, Edge Wallet, Encryption Keys, remaining count: 0
2024-12-14 17:17:17.589: [INFO][Sync]     Configuration completed, state: 7
2024-12-14 17:17:17.589: [INFO][Sync] Configured DataTypeManager: Ok
2024-12-14 17:17:17.591: [INFO][SyncEngineBackend::DoStartSyncing] Start syncing
2024-12-14 18:14:57.823: [INFO][SyncSchedulerImpl::OnSyncNetworkError] Syncer error: HTTP error (401)
2024-12-14 18:14:57.823: [INFO][Sync] Connection status changed to: 2
2024-12-14 18:14:57.823: [INFO][Commit::ReportFullCommitFailure] Commit Sessions failed with error: AuthError
2024-12-14 18:14:57.824: [INFO][SyncSchedulerImpl::DoNudgeSyncCycleJob] Syncer error: HTTP error (401)
2024-12-14 18:14:57.829: [WARN][Sync] NetworkError: HTTP error (401)
2024-12-14 18:14:57.888: [INFO][SyncAuthManager::SetLastAuthError] Current auth error: None
2024-12-14 18:14:57.888: [INFO][SyncAuthManager::EdgeLogTokenErrorState] Token error with: None for account type: MSA
2024-12-14 18:14:57.888: [INFO][Sync] Credentials changed for: EdgeSyncScopeNew
2024-12-14 18:14:58.921: [INFO][SyncAuthManager::SetLastAuthError] Current auth error: None
2024-12-14 18:14:58.921: [INFO][SyncAuthManager::EdgeLogTokenErrorState] Token error with: None for account type: MSA
2024-12-14 18:14:58.921: [INFO][Sync] Credentials changed for: EdgeSyncKeyDataScope
2024-12-14 18:14:58.922: [INFO][SyncEngineBackend::DoUpdateKeyDataCredentials] Update key data credentials
2024-12-14 18:14:58.922: [INFO][SyncEngineBackend::DoUpdateCredentials] Update credentials
2024-12-14 21:08:53.475: [INFO][Sync] SyncState after authenticated was: FeatureCanStart
2024-12-14 21:08:53.920: [INFO][Sync] Try to start sync engine
2024-12-14 21:08:53.923: [INFO][SyncManagerImpl::NudgeForInitialDownload] Initial download nudge for Encryption Keys
2024-12-14 21:08:53.923: [INFO][SyncEngineBackend::LoadAndConnectNigoriController] Load and connect Nigori controller
2024-12-14 21:08:53.923: [INFO][SyncEngineBackend::DoInitialize] Control Types added: Encryption Keys
2024-12-14 21:08:53.923: [INFO][SyncManagerImpl::ConfigureSyncer] Types to download: Encryption Keys with reason: 3
2024-12-14 21:08:53.923: [INFO][SyncSchedulerImpl::DoConfigurationSyncCycleJob] Configure job was blocked
2024-12-14 21:08:53.949: [INFO][SyncAuthManager::SetLastAuthError] Current auth error: None
2024-12-14 21:08:53.949: [INFO][SyncAuthManager::EdgeLogTokenErrorState] Token error with: None for account type: MSA
2024-12-14 21:08:53.949: [INFO][Sync] Credentials changed for: EdgeSyncScopeNew
2024-12-14 21:08:54.618: [INFO][SyncAuthManager::SetLastAuthError] Current auth error: None
2024-12-14 21:08:54.618: [INFO][SyncAuthManager::EdgeLogTokenErrorState] Token error with: None for account type: MSA
2024-12-14 21:08:54.618: [INFO][Sync] Credentials changed for: EdgeSyncKeyDataScope
2024-12-14 21:08:54.619: [INFO][SyncEngineBackend::DoUpdateKeyDataCredentials] Update key data credentials
2024-12-14 21:08:54.619: [INFO][SyncEngineBackend::DoUpdateCredentials] Update credentials
2024-12-14 21:08:54.619: [INFO][SyncSchedulerImpl::DoConfigurationSyncCycleJob] Blocked types:  and types to download: Encryption Keys
2024-12-14 21:08:57.089: [INFO][Sync] Started DataTypeManager configuration, reason: 4
2024-12-14 21:08:57.089: [INFO][Sync] Configuring for: Bookmarks, Preferences, Passwords, Autofill Profiles, Autofill, Extensions, Sessions, Extension settings, History Delete Directives, Device Info, User Consents, Send Tab To Self, Web Apps, History, Collection, Edge E Drop, Edge Hub App Usage, Edge Tab Group, Edge Wallet, Encryption Keys, reason: 4, current state: 0
2024-12-14 21:08:57.090: [INFO][Sync] Configure, desired: Bookmarks, Preferences, Extensions, Sessions, Extension settings, History Delete Directives, Device Info, User Consents, Send Tab To Self, Web Apps, History, Collection, Edge E Drop, Edge Hub App Usage, Edge Tab Group, Edge Wallet, Encryption Keys; Allow fail: Passwords, Autofill Profiles, Autofill
2024-12-14 21:08:57.090: [INFO][Sync] Loading: Bookmarks
2024-12-14 21:08:57.090: [INFO][Sync] Loading: Preferences
2024-12-14 21:08:57.090: [INFO][Sync] Loading: Extensions
2024-12-14 21:08:57.090: [INFO][Sync] Loading: Sessions
2024-12-14 21:08:57.090: [INFO][Sync] Loading: Extension settings
2024-12-14 21:08:57.090: [INFO][Sync] Loading: History Delete Directives
2024-12-14 21:08:57.090: [INFO][Sync] Loading: Device Info
2024-12-14 21:08:57.090: [INFO][Sync] Loading: User Consents
2024-12-14 21:08:57.090: [INFO][Sync] Loading: Send Tab To Self
2024-12-14 21:08:57.090: [INFO][Sync] Loading: Web Apps
2024-12-14 21:08:57.090: [INFO][Sync] Loading: History
2024-12-14 21:08:57.090: [INFO][Sync] Loading: Collection
2024-12-14 21:08:57.090: [INFO][Sync] Loading: Edge E Drop
2024-12-14 21:08:57.090: [INFO][Sync] Loading: Edge Hub App Usage
2024-12-14 21:08:57.090: [INFO][Sync] Loading: Edge Tab Group
2024-12-14 21:08:57.090: [INFO][Sync] Loading: Edge Wallet
2024-12-14 21:08:57.093: [INFO][Sync] All data types are ready for configure.
2024-12-14 21:08:59.030: [INFO][Sync] Started DataTypeManager configuration, reason: 5
2024-12-14 21:08:59.031: [INFO][Sync] Configuring for: Bookmarks, Preferences, Passwords, Autofill Profiles, Autofill, Extensions, Sessions, Extension settings, History Delete Directives, Device Info, User Consents, Send Tab To Self, Web Apps, History, Collection, Edge E Drop, Edge Hub App Usage, Edge Tab Group, Edge Wallet, Encryption Keys, reason: 5, current state: 1
2024-12-14 21:08:59.032: [INFO][SyncEngineBackend::DoStartConfiguration] Start configuration
2024-12-14 21:08:59.032: [INFO][SyncManagerImpl::NudgeForInitialDownload] Initial download nudge for History
2024-12-14 21:08:59.032: [INFO][SyncManagerImpl::ConfigureSyncer] Types to download:  with reason: 4
2024-12-14 21:08:59.032: [INFO][SyncEngineBackend::DoFinishConfigureDataTypes] Failed to download types:  and succeeded types: 
2024-12-14 21:08:59.033: [INFO][Sync] ConfigurationDone, failed: , succeeded: , remaining count: 4
2024-12-14 21:08:59.033: [WARN][Sync]     Reconfigure requested while configuration ongoing.
2024-12-14 21:08:59.033: [INFO][Sync] Configuring for: Bookmarks, Preferences, Passwords, Autofill Profiles, Autofill, Extensions, Sessions, Extension settings, History Delete Directives, Device Info, User Consents, Send Tab To Self, Web Apps, History, Collection, Edge E Drop, Edge Hub App Usage, Edge Tab Group, Edge Wallet, Encryption Keys, reason: 5, current state: 2
2024-12-14 21:08:59.033: [INFO][Sync] Configure, desired: Bookmarks, Preferences, Passwords, Autofill Profiles, Autofill, Extensions, Sessions, Extension settings, History Delete Directives, Device Info, User Consents, Send Tab To Self, Web Apps, History, Collection, Edge E Drop, Edge Hub App Usage, Edge Tab Group, Edge Wallet, Encryption Keys; Allow fail: 
2024-12-14 21:08:59.033: [INFO][Sync] Loading: Passwords
2024-12-14 21:08:59.033: [INFO][Sync] Loading: Autofill Profiles
2024-12-14 21:08:59.033: [INFO][Sync] Loading: Autofill
2024-12-14 21:08:59.033: [INFO][Sync] All data types are ready for configure.
2024-12-14 21:08:59.033: [INFO][SyncManagerImpl::NudgeForInitialDownload] Initial download nudge for Passwords
2024-12-14 21:08:59.033: [INFO][SyncManagerImpl::ConfigureSyncer] Types to download:  with reason: 5
2024-12-14 21:08:59.033: [INFO][SyncEngineBackend::DoFinishConfigureDataTypes] Failed to download types:  and succeeded types: 
2024-12-14 21:08:59.033: [INFO][Sync] ConfigurationDone, failed: , succeeded: , remaining count: 4
2024-12-14 21:08:59.033: [INFO][Sync] Prepare to configure types: Passwords, Encryption Keys
2024-12-14 21:08:59.033: [INFO][SyncManagerImpl::ConfigureSyncer] Types to download: Passwords, Encryption Keys with reason: 5
2024-12-14 21:08:59.033: [INFO][SyncSchedulerImpl::DoConfigurationSyncCycleJob] Blocked types:  and types to download: Passwords, Encryption Keys
2024-12-14 21:09:00.366: [INFO][SyncEngineBackend::DoFinishConfigureDataTypes] Failed to download types:  and succeeded types: Passwords, Encryption Keys
2024-12-14 21:09:00.368: [INFO][Sync] ConfigurationDone, failed: , succeeded: Passwords, Encryption Keys, remaining count: 3
2024-12-14 21:09:00.368: [INFO][SyncManagerImpl::ConfigureSyncer] Types to download:  with reason: 5
2024-12-14 21:09:00.368: [INFO][SyncEngineBackend::DoFinishConfigureDataTypes] Failed to download types:  and succeeded types: 
2024-12-14 21:09:00.368: [INFO][Sync] ConfigurationDone, failed: , succeeded: , remaining count: 2
2024-12-14 21:09:00.368: [INFO][SyncManagerImpl::ConfigureSyncer] Types to download:  with reason: 5
2024-12-14 21:09:00.368: [INFO][SyncEngineBackend::DoFinishConfigureDataTypes] Failed to download types:  and succeeded types: 
2024-12-14 21:09:00.369: [INFO][Sync] ConfigurationDone, failed: , succeeded: , remaining count: 1
2024-12-14 21:09:00.370: [INFO][Sync] Prepare to configure types: History, Encryption Keys
2024-12-14 21:09:00.370: [INFO][SyncManagerImpl::ConfigureSyncer] Types to download: History, Encryption Keys with reason: 5
2024-12-14 21:09:00.370: [INFO][SyncSchedulerImpl::DoConfigurationSyncCycleJob] Blocked types:  and types to download: History, Encryption Keys
2024-12-14 21:09:01.248: [INFO][SyncEngineBackend::DoFinishConfigureDataTypes] Failed to download types:  and succeeded types: History, Encryption Keys
2024-12-14 21:09:01.249: [INFO][Sync] ConfigurationDone, failed: , succeeded: History, Encryption Keys, remaining count: 0
2024-12-14 21:09:01.249: [INFO][Sync]     Configuration completed, state: 7
2024-12-14 21:09:01.250: [INFO][Sync] Configured DataTypeManager: Ok
2024-12-14 21:09:01.251: [INFO][SyncEngineBackend::DoStartSyncing] Start syncing
2024-12-15 13:26:32.145: [INFO][Sync] SyncState after authenticated was: FeatureCanStart
2024-12-15 13:26:32.743: [INFO][Sync] Try to start sync engine
2024-12-15 13:26:32.749: [INFO][SyncManagerImpl::NudgeForInitialDownload] Initial download nudge for Encryption Keys
2024-12-15 13:26:32.749: [INFO][SyncEngineBackend::LoadAndConnectNigoriController] Load and connect Nigori controller
2024-12-15 13:26:32.749: [INFO][SyncEngineBackend::DoInitialize] Control Types added: Encryption Keys
2024-12-15 13:26:32.749: [INFO][SyncManagerImpl::ConfigureSyncer] Types to download: Encryption Keys with reason: 3
2024-12-15 13:26:32.749: [INFO][SyncSchedulerImpl::DoConfigurationSyncCycleJob] Configure job was blocked
2024-12-15 13:26:33.397: [INFO][SyncAuthManager::SetLastAuthError] Current auth error: None
2024-12-15 13:26:33.397: [INFO][SyncAuthManager::EdgeLogTokenErrorState] Token error with: None for account type: MSA
2024-12-15 13:26:33.397: [INFO][Sync] Credentials changed for: EdgeSyncKeyDataScope
2024-12-15 13:26:33.397: [INFO][SyncEngineBackend::DoUpdateKeyDataCredentials] Update key data credentials
2024-12-15 13:26:33.681: [INFO][SyncAuthManager::SetLastAuthError] Current auth error: None
2024-12-15 13:26:33.681: [INFO][SyncAuthManager::EdgeLogTokenErrorState] Token error with: None for account type: MSA
2024-12-15 13:26:33.681: [INFO][Sync] Credentials changed for: EdgeSyncScopeNew
2024-12-15 13:26:33.681: [INFO][SyncEngineBackend::DoUpdateCredentials] Update credentials
2024-12-15 13:26:33.681: [INFO][SyncSchedulerImpl::DoConfigurationSyncCycleJob] Blocked types:  and types to download: Encryption Keys
2024-12-15 13:26:34.903: [INFO][SyncEngineBackend::DoUpdateKeyDataCredentials] Update key data credentials
2024-12-15 13:26:34.909: [INFO][Sync] Started DataTypeManager configuration, reason: 4
2024-12-15 13:26:34.909: [INFO][Sync] Configuring for: Bookmarks, Preferences, Passwords, Autofill Profiles, Autofill, Extensions, Sessions, Extension settings, History Delete Directives, Device Info, User Consents, Send Tab To Self, Web Apps, History, Collection, Edge E Drop, Edge Hub App Usage, Edge Tab Group, Edge Wallet, Encryption Keys, reason: 4, current state: 0
2024-12-15 13:26:34.911: [INFO][Sync] Configure, desired: Bookmarks, Preferences, Extensions, Sessions, Extension settings, History Delete Directives, Device Info, User Consents, Send Tab To Self, Web Apps, History, Collection, Edge E Drop, Edge Hub App Usage, Edge Tab Group, Edge Wallet, Encryption Keys; Allow fail: Passwords, Autofill Profiles, Autofill
2024-12-15 13:26:34.911: [INFO][Sync] Loading: Bookmarks
2024-12-15 13:26:34.911: [INFO][Sync] Loading: Preferences
2024-12-15 13:26:34.911: [INFO][Sync] Loading: Extensions
2024-12-15 13:26:34.911: [INFO][Sync] Loading: Sessions
2024-12-15 13:26:34.911: [INFO][Sync] Loading: Extension settings
2024-12-15 13:26:34.911: [INFO][Sync] Loading: History Delete Directives
2024-12-15 13:26:34.911: [INFO][Sync] Loading: Device Info
2024-12-15 13:26:34.911: [INFO][Sync] Loading: User Consents
2024-12-15 13:26:34.911: [INFO][Sync] Loading: Send Tab To Self
2024-12-15 13:26:34.911: [INFO][Sync] Loading: Web Apps
2024-12-15 13:26:34.911: [INFO][Sync] Loading: History
2024-12-15 13:26:34.911: [INFO][Sync] Loading: Collection
2024-12-15 13:26:34.911: [INFO][Sync] Loading: Edge E Drop
2024-12-15 13:26:34.911: [INFO][Sync] Loading: Edge Hub App Usage
2024-12-15 13:26:34.911: [INFO][Sync] Loading: Edge Tab Group
2024-12-15 13:26:34.911: [INFO][Sync] Loading: Edge Wallet
2024-12-15 13:26:34.921: [INFO][Sync] All data types are ready for configure.
2024-12-15 13:26:35.427: [INFO][Sync] Started DataTypeManager configuration, reason: 5
2024-12-15 13:26:35.427: [INFO][Sync] Configuring for: Bookmarks, Preferences, Passwords, Autofill Profiles, Autofill, Extensions, Sessions, Extension settings, History Delete Directives, Device Info, User Consents, Send Tab To Self, Web Apps, History, Collection, Edge E Drop, Edge Hub App Usage, Edge Tab Group, Edge Wallet, Encryption Keys, reason: 5, current state: 1
2024-12-15 13:26:35.431: [INFO][SyncEngineBackend::DoStartConfiguration] Start configuration
2024-12-15 13:26:35.431: [INFO][SyncManagerImpl::ConfigureSyncer] Types to download:  with reason: 4
2024-12-15 13:26:35.431: [INFO][SyncEngineBackend::DoFinishConfigureDataTypes] Failed to download types:  and succeeded types: 
2024-12-15 13:26:35.434: [INFO][Sync] ConfigurationDone, failed: , succeeded: , remaining count: 4
2024-12-15 13:26:35.434: [WARN][Sync]     Reconfigure requested while configuration ongoing.
2024-12-15 13:26:35.434: [INFO][Sync] Configuring for: Bookmarks, Preferences, Passwords, Autofill Profiles, Autofill, Extensions, Sessions, Extension settings, History Delete Directives, Device Info, User Consents, Send Tab To Self, Web Apps, History, Collection, Edge E Drop, Edge Hub App Usage, Edge Tab Group, Edge Wallet, Encryption Keys, reason: 5, current state: 2
2024-12-15 13:26:35.434: [INFO][Sync] Configure, desired: Bookmarks, Preferences, Passwords, Autofill Profiles, Autofill, Extensions, Sessions, Extension settings, History Delete Directives, Device Info, User Consents, Send Tab To Self, Web Apps, History, Collection, Edge E Drop, Edge Hub App Usage, Edge Tab Group, Edge Wallet, Encryption Keys; Allow fail: 
2024-12-15 13:26:35.434: [INFO][Sync] Loading: Passwords
2024-12-15 13:26:35.434: [INFO][Sync] Loading: Autofill Profiles
2024-12-15 13:26:35.434: [INFO][Sync] Loading: Autofill
2024-12-15 13:26:35.434: [INFO][Sync] All data types are ready for configure.
2024-12-15 13:26:35.435: [INFO][SyncManagerImpl::NudgeForInitialDownload] Initial download nudge for Passwords
2024-12-15 13:26:35.435: [INFO][SyncManagerImpl::ConfigureSyncer] Types to download:  with reason: 5
2024-12-15 13:26:35.435: [INFO][SyncEngineBackend::DoFinishConfigureDataTypes] Failed to download types:  and succeeded types: 
2024-12-15 13:26:35.435: [INFO][Sync] ConfigurationDone, failed: , succeeded: , remaining count: 4
2024-12-15 13:26:35.435: [INFO][Sync] Prepare to configure types: Passwords, Encryption Keys
2024-12-15 13:26:35.435: [INFO][SyncManagerImpl::ConfigureSyncer] Types to download: Passwords, Encryption Keys with reason: 5
2024-12-15 13:26:35.435: [INFO][SyncSchedulerImpl::DoConfigurationSyncCycleJob] Blocked types:  and types to download: Passwords, Encryption Keys
2024-12-15 13:26:36.026: [INFO][SyncEngineBackend::DoFinishConfigureDataTypes] Failed to download types:  and succeeded types: Passwords, Encryption Keys
2024-12-15 13:26:36.028: [INFO][Sync] ConfigurationDone, failed: , succeeded: Passwords, Encryption Keys, remaining count: 3
2024-12-15 13:26:36.028: [INFO][SyncManagerImpl::ConfigureSyncer] Types to download:  with reason: 5
2024-12-15 13:26:36.029: [INFO][SyncEngineBackend::DoFinishConfigureDataTypes] Failed to download types:  and succeeded types: 
2024-12-15 13:26:36.029: [INFO][Sync] ConfigurationDone, failed: , succeeded: , remaining count: 2
2024-12-15 13:26:36.029: [INFO][SyncManagerImpl::ConfigureSyncer] Types to download:  with reason: 5
2024-12-15 13:26:36.029: [INFO][SyncEngineBackend::DoFinishConfigureDataTypes] Failed to download types:  and succeeded types: 
2024-12-15 13:26:36.029: [INFO][Sync] ConfigurationDone, failed: , succeeded: , remaining count: 1
2024-12-15 13:26:36.032: [INFO][SyncManagerImpl::ConfigureSyncer] Types to download:  with reason: 5
2024-12-15 13:26:36.032: [INFO][SyncEngineBackend::DoFinishConfigureDataTypes] Failed to download types:  and succeeded types: 
2024-12-15 13:26:36.035: [INFO][Sync] ConfigurationDone, failed: , succeeded: , remaining count: 0
2024-12-15 13:26:36.038: [INFO][Sync]     Configuration completed, state: 7
2024-12-15 13:26:36.038: [INFO][Sync] Configured DataTypeManager: Ok
2024-12-15 13:26:36.040: [INFO][SyncEngineBackend::DoStartSyncing] Start syncing
2024-12-15 16:22:29.186: [INFO][Sync] SyncState after authenticated was: FeatureCanStart
2024-12-15 16:22:29.889: [INFO][Sync] Try to start sync engine
2024-12-15 16:22:29.893: [INFO][SyncManagerImpl::NudgeForInitialDownload] Initial download nudge for Encryption Keys
2024-12-15 16:22:29.893: [INFO][SyncEngineBackend::LoadAndConnectNigoriController] Load and connect Nigori controller
2024-12-15 16:22:29.893: [INFO][SyncEngineBackend::DoInitialize] Control Types added: Encryption Keys
2024-12-15 16:22:29.893: [INFO][SyncManagerImpl::ConfigureSyncer] Types to download: Encryption Keys with reason: 3
2024-12-15 16:22:29.893: [INFO][SyncSchedulerImpl::DoConfigurationSyncCycleJob] Configure job was blocked
2024-12-15 16:22:29.935: [INFO][SyncAuthManager::SetLastAuthError] Current auth error: None
2024-12-15 16:22:29.935: [INFO][SyncAuthManager::EdgeLogTokenErrorState] Token error with: None for account type: MSA
2024-12-15 16:22:29.935: [INFO][Sync] Credentials changed for: EdgeSyncScopeNew
2024-12-15 16:22:30.620: [INFO][SyncAuthManager::SetLastAuthError] Current auth error: None
2024-12-15 16:22:30.620: [INFO][SyncAuthManager::EdgeLogTokenErrorState] Token error with: None for account type: MSA
2024-12-15 16:22:30.620: [INFO][Sync] Credentials changed for: EdgeSyncKeyDataScope
2024-12-15 16:22:30.620: [INFO][SyncEngineBackend::DoUpdateKeyDataCredentials] Update key data credentials
2024-12-15 16:22:30.620: [INFO][SyncEngineBackend::DoUpdateCredentials] Update credentials
2024-12-15 16:22:30.620: [INFO][SyncSchedulerImpl::DoConfigurationSyncCycleJob] Blocked types:  and types to download: Encryption Keys
2024-12-15 16:22:32.071: [INFO][Sync] Started DataTypeManager configuration, reason: 4
2024-12-15 16:22:32.071: [INFO][Sync] Configuring for: Bookmarks, Preferences, Passwords, Autofill Profiles, Autofill, Extensions, Sessions, Extension settings, History Delete Directives, Device Info, User Consents, Send Tab To Self, Web Apps, History, Collection, Edge E Drop, Edge Hub App Usage, Edge Tab Group, Edge Wallet, Encryption Keys, reason: 4, current state: 0
2024-12-15 16:22:32.073: [INFO][Sync] Configure, desired: Bookmarks, Preferences, Extensions, Sessions, Extension settings, History Delete Directives, Device Info, User Consents, Send Tab To Self, Web Apps, History, Collection, Edge E Drop, Edge Hub App Usage, Edge Tab Group, Edge Wallet, Encryption Keys; Allow fail: Passwords, Autofill Profiles, Autofill
2024-12-15 16:22:32.073: [INFO][Sync] Loading: Bookmarks
2024-12-15 16:22:32.073: [INFO][Sync] Loading: Preferences
2024-12-15 16:22:32.073: [INFO][Sync] Loading: Extensions
2024-12-15 16:22:32.073: [INFO][Sync] Loading: Sessions
2024-12-15 16:22:32.073: [INFO][Sync] Loading: Extension settings
2024-12-15 16:22:32.073: [INFO][Sync] Loading: History Delete Directives
2024-12-15 16:22:32.074: [INFO][Sync] Loading: Device Info
2024-12-15 16:22:32.074: [INFO][Sync] Loading: User Consents
2024-12-15 16:22:32.074: [INFO][Sync] Loading: Send Tab To Self
2024-12-15 16:22:32.074: [INFO][Sync] Loading: Web Apps
2024-12-15 16:22:32.074: [INFO][Sync] Loading: History
2024-12-15 16:22:32.074: [INFO][Sync] Loading: Collection
2024-12-15 16:22:32.074: [INFO][Sync] Loading: Edge E Drop
2024-12-15 16:22:32.074: [INFO][Sync] Loading: Edge Hub App Usage
2024-12-15 16:22:32.074: [INFO][Sync] Loading: Edge Tab Group
2024-12-15 16:22:32.074: [INFO][Sync] Loading: Edge Wallet
2024-12-15 16:22:32.079: [INFO][Sync] All data types are ready for configure.
2024-12-15 16:22:33.265: [INFO][Sync] Started DataTypeManager configuration, reason: 5
2024-12-15 16:22:33.265: [INFO][Sync] Configuring for: Bookmarks, Preferences, Passwords, Autofill Profiles, Autofill, Extensions, Sessions, Extension settings, History Delete Directives, Device Info, User Consents, Send Tab To Self, Web Apps, History, Collection, Edge E Drop, Edge Hub App Usage, Edge Tab Group, Edge Wallet, Encryption Keys, reason: 5, current state: 1
2024-12-15 16:22:33.267: [INFO][SyncEngineBackend::DoStartConfiguration] Start configuration
2024-12-15 16:22:33.267: [INFO][SyncManagerImpl::ConfigureSyncer] Types to download:  with reason: 4
2024-12-15 16:22:33.267: [INFO][SyncEngineBackend::DoFinishConfigureDataTypes] Failed to download types:  and succeeded types: 
2024-12-15 16:22:33.269: [INFO][Sync] ConfigurationDone, failed: , succeeded: , remaining count: 4
2024-12-15 16:22:33.269: [WARN][Sync]     Reconfigure requested while configuration ongoing.
2024-12-15 16:22:33.269: [INFO][Sync] Configuring for: Bookmarks, Preferences, Passwords, Autofill Profiles, Autofill, Extensions, Sessions, Extension settings, History Delete Directives, Device Info, User Consents, Send Tab To Self, Web Apps, History, Collection, Edge E Drop, Edge Hub App Usage, Edge Tab Group, Edge Wallet, Encryption Keys, reason: 5, current state: 2
2024-12-15 16:22:33.269: [INFO][Sync] Configure, desired: Bookmarks, Preferences, Passwords, Autofill Profiles, Autofill, Extensions, Sessions, Extension settings, History Delete Directives, Device Info, User Consents, Send Tab To Self, Web Apps, History, Collection, Edge E Drop, Edge Hub App Usage, Edge Tab Group, Edge Wallet, Encryption Keys; Allow fail: 
2024-12-15 16:22:33.269: [INFO][Sync] Loading: Passwords
2024-12-15 16:22:33.269: [INFO][Sync] Loading: Autofill Profiles
2024-12-15 16:22:33.269: [INFO][Sync] Loading: Autofill
2024-12-15 16:22:33.270: [INFO][Sync] All data types are ready for configure.
2024-12-15 16:22:33.270: [INFO][SyncManagerImpl::NudgeForInitialDownload] Initial download nudge for Passwords
2024-12-15 16:22:33.270: [INFO][SyncManagerImpl::ConfigureSyncer] Types to download:  with reason: 5
2024-12-15 16:22:33.270: [INFO][SyncEngineBackend::DoFinishConfigureDataTypes] Failed to download types:  and succeeded types: 
2024-12-15 16:22:33.270: [INFO][Sync] ConfigurationDone, failed: , succeeded: , remaining count: 4
2024-12-15 16:22:33.270: [INFO][Sync] Prepare to configure types: Passwords, Encryption Keys
2024-12-15 16:22:33.270: [INFO][SyncManagerImpl::ConfigureSyncer] Types to download: Passwords, Encryption Keys with reason: 5
2024-12-15 16:22:33.270: [INFO][SyncSchedulerImpl::DoConfigurationSyncCycleJob] Blocked types:  and types to download: Passwords, Encryption Keys
2024-12-15 16:22:33.911: [INFO][SyncEngineBackend::DoFinishConfigureDataTypes] Failed to download types:  and succeeded types: Passwords, Encryption Keys
2024-12-15 16:22:33.913: [INFO][Sync] ConfigurationDone, failed: , succeeded: Passwords, Encryption Keys, remaining count: 3
2024-12-15 16:22:33.914: [INFO][SyncManagerImpl::ConfigureSyncer] Types to download:  with reason: 5
2024-12-15 16:22:33.914: [INFO][SyncEngineBackend::DoFinishConfigureDataTypes] Failed to download types:  and succeeded types: 
2024-12-15 16:22:33.914: [INFO][Sync] ConfigurationDone, failed: , succeeded: , remaining count: 2
2024-12-15 16:22:33.914: [INFO][SyncManagerImpl::ConfigureSyncer] Types to download:  with reason: 5
2024-12-15 16:22:33.914: [INFO][SyncEngineBackend::DoFinishConfigureDataTypes] Failed to download types:  and succeeded types: 
2024-12-15 16:22:33.916: [INFO][Sync] ConfigurationDone, failed: , succeeded: , remaining count: 1
2024-12-15 16:22:33.919: [INFO][SyncManagerImpl::ConfigureSyncer] Types to download:  with reason: 5
2024-12-15 16:22:33.919: [INFO][SyncEngineBackend::DoFinishConfigureDataTypes] Failed to download types:  and succeeded types: 
2024-12-15 16:22:33.919: [INFO][Sync] ConfigurationDone, failed: , succeeded: , remaining count: 0
2024-12-15 16:22:33.920: [INFO][Sync]     Configuration completed, state: 7
2024-12-15 16:22:33.921: [INFO][Sync] Configured DataTypeManager: Ok
2024-12-15 16:22:33.923: [INFO][SyncEngineBackend::DoStartSyncing] Start syncing
2024-12-15 18:12:34.543: [INFO][Sync] SyncState after authenticated was: FeatureCanStart
2024-12-15 18:12:35.007: [INFO][Sync] Try to start sync engine
2024-12-15 18:12:35.009: [INFO][SyncManagerImpl::NudgeForInitialDownload] Initial download nudge for Encryption Keys
2024-12-15 18:12:35.009: [INFO][SyncEngineBackend::LoadAndConnectNigoriController] Load and connect Nigori controller
2024-12-15 18:12:35.009: [INFO][SyncEngineBackend::DoInitialize] Control Types added: Encryption Keys
2024-12-15 18:12:35.009: [INFO][SyncManagerImpl::ConfigureSyncer] Types to download: Encryption Keys with reason: 3
2024-12-15 18:12:35.009: [INFO][SyncSchedulerImpl::DoConfigurationSyncCycleJob] Configure job was blocked
2024-12-15 18:12:35.030: [INFO][SyncAuthManager::SetLastAuthError] Current auth error: None
2024-12-15 18:12:35.030: [INFO][SyncAuthManager::EdgeLogTokenErrorState] Token error with: None for account type: MSA
2024-12-15 18:12:35.030: [INFO][Sync] Credentials changed for: EdgeSyncScopeNew
2024-12-15 18:12:36.625: [INFO][SyncAuthManager::SetLastAuthError] Current auth error: None
2024-12-15 18:12:36.625: [INFO][SyncAuthManager::EdgeLogTokenErrorState] Token error with: None for account type: MSA
2024-12-15 18:12:36.625: [INFO][Sync] Credentials changed for: EdgeSyncKeyDataScope
2024-12-15 18:12:36.625: [INFO][SyncEngineBackend::DoUpdateKeyDataCredentials] Update key data credentials
2024-12-15 18:12:36.625: [INFO][SyncEngineBackend::DoUpdateCredentials] Update credentials
2024-12-15 18:12:36.625: [INFO][SyncSchedulerImpl::DoConfigurationSyncCycleJob] Blocked types:  and types to download: Encryption Keys
2024-12-15 18:12:37.728: [INFO][Sync] Started DataTypeManager configuration, reason: 4
2024-12-15 18:12:37.728: [INFO][Sync] Configuring for: Bookmarks, Preferences, Passwords, Autofill Profiles, Autofill, Extensions, Sessions, Extension settings, History Delete Directives, Device Info, User Consents, Send Tab To Self, Web Apps, History, Collection, Edge E Drop, Edge Hub App Usage, Edge Tab Group, Edge Wallet, Encryption Keys, reason: 4, current state: 0
2024-12-15 18:12:37.729: [INFO][Sync] Configure, desired: Bookmarks, Preferences, Extensions, Sessions, Extension settings, History Delete Directives, Device Info, User Consents, Send Tab To Self, Web Apps, History, Collection, Edge E Drop, Edge Hub App Usage, Edge Tab Group, Edge Wallet, Encryption Keys; Allow fail: Passwords, Autofill Profiles, Autofill
2024-12-15 18:12:37.729: [INFO][Sync] Loading: Bookmarks
2024-12-15 18:12:37.729: [INFO][Sync] Loading: Preferences
2024-12-15 18:12:37.729: [INFO][Sync] Loading: Extensions
2024-12-15 18:12:37.729: [INFO][Sync] Loading: Sessions
2024-12-15 18:12:37.729: [INFO][Sync] Loading: Extension settings
2024-12-15 18:12:37.729: [INFO][Sync] Loading: History Delete Directives
2024-12-15 18:12:37.729: [INFO][Sync] Loading: Device Info
2024-12-15 18:12:37.729: [INFO][Sync] Loading: User Consents
2024-12-15 18:12:37.729: [INFO][Sync] Loading: Send Tab To Self
2024-12-15 18:12:37.729: [INFO][Sync] Loading: Web Apps
2024-12-15 18:12:37.729: [INFO][Sync] Loading: History
2024-12-15 18:12:37.729: [INFO][Sync] Loading: Collection
2024-12-15 18:12:37.729: [INFO][Sync] Loading: Edge E Drop
2024-12-15 18:12:37.729: [INFO][Sync] Loading: Edge Hub App Usage
2024-12-15 18:12:37.729: [INFO][Sync] Loading: Edge Tab Group
2024-12-15 18:12:37.729: [INFO][Sync] Loading: Edge Wallet
2024-12-15 18:12:37.733: [INFO][Sync] All data types are ready for configure.
2024-12-15 18:12:38.839: [INFO][Sync] Started DataTypeManager configuration, reason: 5
2024-12-15 18:12:38.839: [INFO][Sync] Configuring for: Bookmarks, Preferences, Passwords, Autofill Profiles, Autofill, Extensions, Sessions, Extension settings, History Delete Directives, Device Info, User Consents, Send Tab To Self, Web Apps, History, Collection, Edge E Drop, Edge Hub App Usage, Edge Tab Group, Edge Wallet, Encryption Keys, reason: 5, current state: 1
2024-12-15 18:12:38.840: [INFO][SyncEngineBackend::DoStartConfiguration] Start configuration
2024-12-15 18:12:38.840: [INFO][SyncManagerImpl::ConfigureSyncer] Types to download:  with reason: 4
2024-12-15 18:12:38.840: [INFO][SyncEngineBackend::DoFinishConfigureDataTypes] Failed to download types:  and succeeded types: 
2024-12-15 18:12:38.841: [INFO][Sync] ConfigurationDone, failed: , succeeded: , remaining count: 4
2024-12-15 18:12:38.841: [WARN][Sync]     Reconfigure requested while configuration ongoing.
2024-12-15 18:12:38.841: [INFO][Sync] Configuring for: Bookmarks, Preferences, Passwords, Autofill Profiles, Autofill, Extensions, Sessions, Extension settings, History Delete Directives, Device Info, User Consents, Send Tab To Self, Web Apps, History, Collection, Edge E Drop, Edge Hub App Usage, Edge Tab Group, Edge Wallet, Encryption Keys, reason: 5, current state: 2
2024-12-15 18:12:38.841: [INFO][Sync] Configure, desired: Bookmarks, Preferences, Passwords, Autofill Profiles, Autofill, Extensions, Sessions, Extension settings, History Delete Directives, Device Info, User Consents, Send Tab To Self, Web Apps, History, Collection, Edge E Drop, Edge Hub App Usage, Edge Tab Group, Edge Wallet, Encryption Keys; Allow fail: 
2024-12-15 18:12:38.841: [INFO][Sync] Loading: Passwords
2024-12-15 18:12:38.841: [INFO][Sync] Loading: Autofill Profiles
2024-12-15 18:12:38.841: [INFO][Sync] Loading: Autofill
2024-12-15 18:12:38.841: [INFO][Sync] All data types are ready for configure.
2024-12-15 18:12:38.841: [INFO][SyncManagerImpl::NudgeForInitialDownload] Initial download nudge for Passwords
2024-12-15 18:12:38.841: [INFO][SyncManagerImpl::ConfigureSyncer] Types to download:  with reason: 5
2024-12-15 18:12:38.841: [INFO][SyncEngineBackend::DoFinishConfigureDataTypes] Failed to download types:  and succeeded types: 
2024-12-15 18:12:38.841: [INFO][Sync] ConfigurationDone, failed: , succeeded: , remaining count: 4
2024-12-15 18:12:38.841: [INFO][Sync] Prepare to configure types: Passwords, Encryption Keys
2024-12-15 18:12:38.841: [INFO][SyncManagerImpl::ConfigureSyncer] Types to download: Passwords, Encryption Keys with reason: 5
2024-12-15 18:12:38.841: [INFO][SyncSchedulerImpl::DoConfigurationSyncCycleJob] Blocked types:  and types to download: Passwords, Encryption Keys
2024-12-15 18:12:39.831: [INFO][SyncEngineBackend::DoFinishConfigureDataTypes] Failed to download types:  and succeeded types: Passwords, Encryption Keys
2024-12-15 18:12:39.832: [INFO][Sync] ConfigurationDone, failed: , succeeded: Passwords, Encryption Keys, remaining count: 3
2024-12-15 18:12:39.832: [INFO][SyncManagerImpl::ConfigureSyncer] Types to download:  with reason: 5
2024-12-15 18:12:39.832: [INFO][SyncEngineBackend::DoFinishConfigureDataTypes] Failed to download types:  and succeeded types: 
2024-12-15 18:12:39.832: [INFO][Sync] ConfigurationDone, failed: , succeeded: , remaining count: 2
2024-12-15 18:12:39.832: [INFO][SyncManagerImpl::ConfigureSyncer] Types to download:  with reason: 5
2024-12-15 18:12:39.832: [INFO][SyncEngineBackend::DoFinishConfigureDataTypes] Failed to download types:  and succeeded types: 
2024-12-15 18:12:39.834: [INFO][Sync] ConfigurationDone, failed: , succeeded: , remaining count: 1
2024-12-15 18:12:39.835: [INFO][SyncManagerImpl::ConfigureSyncer] Types to download:  with reason: 5
2024-12-15 18:12:39.835: [INFO][SyncEngineBackend::DoFinishConfigureDataTypes] Failed to download types:  and succeeded types: 
2024-12-15 18:12:39.835: [INFO][Sync] ConfigurationDone, failed: , succeeded: , remaining count: 0
2024-12-15 18:12:39.836: [INFO][Sync]     Configuration completed, state: 7
2024-12-15 18:12:39.836: [INFO][Sync] Configured DataTypeManager: Ok
2024-12-15 18:12:39.837: [INFO][SyncEngineBackend::DoStartSyncing] Start syncing
2024-12-15 18:46:59.911: [INFO][Sync] SyncState after authenticated was: FeatureCanStart
2024-12-15 18:47:01.129: [INFO][Sync] Try to start sync engine
2024-12-15 18:47:01.131: [INFO][SyncManagerImpl::NudgeForInitialDownload] Initial download nudge for Encryption Keys
2024-12-15 18:47:01.131: [INFO][SyncEngineBackend::LoadAndConnectNigoriController] Load and connect Nigori controller
2024-12-15 18:47:01.131: [INFO][SyncEngineBackend::DoInitialize] Control Types added: Encryption Keys
2024-12-15 18:47:01.131: [INFO][SyncManagerImpl::ConfigureSyncer] Types to download: Encryption Keys with reason: 3
2024-12-15 18:47:01.131: [INFO][SyncSchedulerImpl::DoConfigurationSyncCycleJob] Configure job was blocked
2024-12-15 18:47:01.150: [INFO][SyncAuthManager::SetLastAuthError] Current auth error: None
2024-12-15 18:47:01.150: [INFO][SyncAuthManager::EdgeLogTokenErrorState] Token error with: None for account type: MSA
2024-12-15 18:47:01.150: [INFO][Sync] Credentials changed for: EdgeSyncScopeNew
2024-12-15 18:47:03.083: [INFO][SyncAuthManager::SetLastAuthError] Current auth error: None
2024-12-15 18:47:03.083: [INFO][SyncAuthManager::EdgeLogTokenErrorState] Token error with: None for account type: MSA
2024-12-15 18:47:03.083: [INFO][Sync] Credentials changed for: EdgeSyncKeyDataScope
2024-12-15 18:47:03.083: [INFO][SyncEngineBackend::DoUpdateKeyDataCredentials] Update key data credentials
2024-12-15 18:47:03.083: [INFO][SyncEngineBackend::DoUpdateCredentials] Update credentials
2024-12-15 18:47:03.083: [INFO][SyncSchedulerImpl::DoConfigurationSyncCycleJob] Blocked types:  and types to download: Encryption Keys
2024-12-15 18:47:04.631: [INFO][Sync] Started DataTypeManager configuration, reason: 4
2024-12-15 18:47:04.631: [INFO][Sync] Configuring for: Bookmarks, Preferences, Passwords, Autofill Profiles, Autofill, Extensions, Sessions, Extension settings, History Delete Directives, Device Info, User Consents, Send Tab To Self, Web Apps, History, Collection, Edge E Drop, Edge Hub App Usage, Edge Tab Group, Edge Wallet, Encryption Keys, reason: 4, current state: 0
2024-12-15 18:47:04.632: [INFO][Sync] Configure, desired: Bookmarks, Preferences, Extensions, Sessions, Extension settings, History Delete Directives, Device Info, User Consents, Send Tab To Self, Web Apps, History, Collection, Edge E Drop, Edge Hub App Usage, Edge Tab Group, Edge Wallet, Encryption Keys; Allow fail: Passwords, Autofill Profiles, Autofill
2024-12-15 18:47:04.632: [INFO][Sync] Loading: Bookmarks
2024-12-15 18:47:04.632: [INFO][Sync] Loading: Preferences
2024-12-15 18:47:04.632: [INFO][Sync] Loading: Extensions
2024-12-15 18:47:04.632: [INFO][Sync] Loading: Sessions
2024-12-15 18:47:04.632: [INFO][Sync] Loading: Extension settings
2024-12-15 18:47:04.632: [INFO][Sync] Loading: History Delete Directives
2024-12-15 18:47:04.632: [INFO][Sync] Loading: Device Info
2024-12-15 18:47:04.632: [INFO][Sync] Loading: User Consents
2024-12-15 18:47:04.632: [INFO][Sync] Loading: Send Tab To Self
2024-12-15 18:47:04.632: [INFO][Sync] Loading: Web Apps
2024-12-15 18:47:04.632: [INFO][Sync] Loading: History
2024-12-15 18:47:04.632: [INFO][Sync] Loading: Collection
2024-12-15 18:47:04.632: [INFO][Sync] Loading: Edge E Drop
2024-12-15 18:47:04.632: [INFO][Sync] Loading: Edge Hub App Usage
2024-12-15 18:47:04.632: [INFO][Sync] Loading: Edge Tab Group
2024-12-15 18:47:04.632: [INFO][Sync] Loading: Edge Wallet
2024-12-15 18:47:04.635: [INFO][Sync] All data types are ready for configure.
2024-12-15 18:47:06.469: [INFO][Sync] Started DataTypeManager configuration, reason: 5
2024-12-15 18:47:06.470: [INFO][Sync] Configuring for: Bookmarks, Preferences, Passwords, Autofill Profiles, Autofill, Extensions, Sessions, Extension settings, History Delete Directives, Device Info, User Consents, Send Tab To Self, Web Apps, History, Collection, Edge E Drop, Edge Hub App Usage, Edge Tab Group, Edge Wallet, Encryption Keys, reason: 5, current state: 1
2024-12-15 18:47:06.471: [INFO][SyncEngineBackend::DoStartConfiguration] Start configuration
2024-12-15 18:47:06.471: [INFO][SyncManagerImpl::ConfigureSyncer] Types to download:  with reason: 4
2024-12-15 18:47:06.471: [INFO][SyncEngineBackend::DoFinishConfigureDataTypes] Failed to download types:  and succeeded types: 
2024-12-15 18:47:06.472: [INFO][Sync] ConfigurationDone, failed: , succeeded: , remaining count: 4
2024-12-15 18:47:06.472: [WARN][Sync]     Reconfigure requested while configuration ongoing.
2024-12-15 18:47:06.472: [INFO][Sync] Configuring for: Bookmarks, Preferences, Passwords, Autofill Profiles, Autofill, Extensions, Sessions, Extension settings, History Delete Directives, Device Info, User Consents, Send Tab To Self, Web Apps, History, Collection, Edge E Drop, Edge Hub App Usage, Edge Tab Group, Edge Wallet, Encryption Keys, reason: 5, current state: 2
2024-12-15 18:47:06.472: [INFO][Sync] Configure, desired: Bookmarks, Preferences, Passwords, Autofill Profiles, Autofill, Extensions, Sessions, Extension settings, History Delete Directives, Device Info, User Consents, Send Tab To Self, Web Apps, History, Collection, Edge E Drop, Edge Hub App Usage, Edge Tab Group, Edge Wallet, Encryption Keys; Allow fail: 
2024-12-15 18:47:06.472: [INFO][Sync] Loading: Passwords
2024-12-15 18:47:06.472: [INFO][Sync] Loading: Autofill Profiles
2024-12-15 18:47:06.472: [INFO][Sync] Loading: Autofill
2024-12-15 18:47:06.472: [INFO][Sync] All data types are ready for configure.
2024-12-15 18:47:06.472: [INFO][SyncManagerImpl::NudgeForInitialDownload] Initial download nudge for Passwords
2024-12-15 18:47:06.472: [INFO][SyncManagerImpl::ConfigureSyncer] Types to download:  with reason: 5
2024-12-15 18:47:06.472: [INFO][SyncEngineBackend::DoFinishConfigureDataTypes] Failed to download types:  and succeeded types: 
2024-12-15 18:47:06.472: [INFO][Sync] ConfigurationDone, failed: , succeeded: , remaining count: 4
2024-12-15 18:47:06.472: [INFO][Sync] Prepare to configure types: Passwords, Encryption Keys
2024-12-15 18:47:06.472: [INFO][SyncManagerImpl::ConfigureSyncer] Types to download: Passwords, Encryption Keys with reason: 5
2024-12-15 18:47:06.472: [INFO][SyncSchedulerImpl::DoConfigurationSyncCycleJob] Blocked types:  and types to download: Passwords, Encryption Keys
2024-12-15 18:47:07.469: [INFO][SyncEngineBackend::DoFinishConfigureDataTypes] Failed to download types:  and succeeded types: Passwords, Encryption Keys
2024-12-15 18:47:07.471: [INFO][Sync] ConfigurationDone, failed: , succeeded: Passwords, Encryption Keys, remaining count: 3
2024-12-15 18:47:07.471: [INFO][SyncManagerImpl::ConfigureSyncer] Types to download:  with reason: 5
2024-12-15 18:47:07.471: [INFO][SyncEngineBackend::DoFinishConfigureDataTypes] Failed to download types:  and succeeded types: 
2024-12-15 18:47:07.471: [INFO][Sync] ConfigurationDone, failed: , succeeded: , remaining count: 2
2024-12-15 18:47:07.471: [INFO][SyncManagerImpl::ConfigureSyncer] Types to download:  with reason: 5
2024-12-15 18:47:07.471: [INFO][SyncEngineBackend::DoFinishConfigureDataTypes] Failed to download types:  and succeeded types: 
2024-12-15 18:47:07.472: [INFO][Sync] ConfigurationDone, failed: , succeeded: , remaining count: 1
2024-12-15 18:47:07.473: [INFO][SyncManagerImpl::ConfigureSyncer] Types to download:  with reason: 5
2024-12-15 18:47:07.473: [INFO][SyncEngineBackend::DoFinishConfigureDataTypes] Failed to download types:  and succeeded types: 
2024-12-15 18:47:07.473: [INFO][Sync] ConfigurationDone, failed: , succeeded: , remaining count: 0
2024-12-15 18:47:07.474: [INFO][Sync]     Configuration completed, state: 7
2024-12-15 18:47:07.474: [INFO][Sync] Configured DataTypeManager: Ok
2024-12-15 18:47:07.475: [INFO][SyncEngineBackend::DoStartSyncing] Start syncing
